---------- Date: 2016-03-24 02:38:26 ~ IP : ::1 ----------
REQUEST URI : /ytc_templates/opencart/so_maxshop/layout2/
MOD DETAILS:
   modFile   : D:\xampp\htdocs\ytc_templates\opencart\so_maxshop\vqmod/xml/cookie_low.xml
   id        : EU Cookie Law - top, bottom, floating
   version   : 
   vqmver    : 2.X
   author    : arveo

File Name    : catalog/view/theme/*/template/common/footer.tpl(0)
VQModObject::applyMod - SEARCH NOT FOUND (ABORTING MOD): </footer>

----------------------------------------------------------------------


---------- Date: 2016-03-24 02:38:36 ~ IP : 192.168.1.71 ----------
REQUEST URI : /ytc_templates/opencart/so_maxshop/layout2/
MOD DETAILS:
   modFile   : D:\xampp\htdocs\ytc_templates\opencart\so_maxshop\vqmod/xml/cookie_low.xml
   id        : EU Cookie Law - top, bottom, floating
   version   : 
   vqmver    : 2.X
   author    : arveo

File Name    : catalog/view/theme/*/template/common/footer.tpl(0)
VQModObject::applyMod - SEARCH NOT FOUND (ABORTING MOD): </footer>

----------------------------------------------------------------------


---------- Date: 2016-03-24 02:41:58 ~ IP : 192.168.1.71 ----------
REQUEST URI : /ytc_templates/opencart/so_maxshop/layout3/
MOD DETAILS:
   modFile   : D:\xampp\htdocs\ytc_templates\opencart\so_maxshop\vqmod/xml/cookie_low.xml
   id        : EU Cookie Law - top, bottom, floating
   version   : 
   vqmver    : 2.X
   author    : arveo

File Name    : catalog/view/theme/*/template/common/footer.tpl(0)
VQModObject::applyMod - SEARCH NOT FOUND (ABORTING MOD): </footer>

----------------------------------------------------------------------


---------- Date: 2016-03-24 04:10:10 ~ IP : 192.168.1.71 ----------
REQUEST URI : /ytc_templates/opencart/so_maxshop/index.php?route=product/category&path=33
MOD DETAILS:
   modFile   : D:\xampp\htdocs\ytc_templates\opencart\so_maxshop\vqmod/xml/soconfig_theme.xml
   id        : Soconfig theme
   version   : 1.0
   vqmver    : 2.X
   author    : Magentech - Magentech.com

File Name    : catalog/controller/product/category.php(1)
VQModObject::applyMod - SEARCH NOT FOUND (ABORTING MOD): $this->load->language('product/manufacturer');
----------------------------------------------------------------------


---------- Date: 2016-03-24 05:50:31 ~ IP : ::1 ----------
REQUEST URI : /ytc_templates/opencart/so_maxshop/layout3/
MOD DETAILS:
   modFile   : D:\xampp\htdocs\ytc_templates\opencart\so_maxshop\vqmod/xml/cookie_low.xml
   id        : EU Cookie Law - top, bottom, floating
   version   : 
   vqmver    : 2.X
   author    : arveo

File Name    : catalog/view/theme/*/template/common/footer.tpl(0)
VQModObject::applyMod - SEARCH NOT FOUND (ABORTING MOD): </footer>

----------------------------------------------------------------------


---------- Date: 2016-03-24 05:51:52 ~ IP : ::1 ----------
REQUEST URI : /ytc_templates/opencart/so_maxshop/layout3/
MOD DETAILS:
   modFile   : D:\xampp\htdocs\ytc_templates\opencart\so_maxshop\vqmod/xml/cookie_low.xml
   id        : EU Cookie Law - top, bottom, floating
   version   : 
   vqmver    : 2.X
   author    : arveo
VQModObject::parseMods - Could not resolve path for [catalog/language/hungarian/common/footer.php] (SKIPPED)
VQModObject::parseMods - Could not resolve path for [admin/language/hungarian/setting/setting.php] (SKIPPED)

File Name    : catalog/view/theme/*/template/common/footer.tpl(0)
VQModObject::applyMod - SEARCH NOT FOUND (ABORTING MOD): </footer>

----------------------------------------------------------------------


---------- Date: 2016-03-24 07:42:14 ~ IP : ::1 ----------
REQUEST URI : /ytc_templates/opencart/so_maxshop/layout2/
MOD DETAILS:
   modFile   : D:\xampp\htdocs\ytc_templates\opencart\so_maxshop\vqmod/xml/cookie_low.xml
   id        : EU Cookie Law - top, bottom, floating
   version   : 
   vqmver    : 2.X
   author    : arveo

File Name    : catalog/view/theme/*/template/common/footer.tpl(0)
VQModObject::applyMod - SEARCH NOT FOUND (ABORTING MOD): </footer>

----------------------------------------------------------------------


---------- Date: 2016-03-24 07:46:29 ~ IP : ::1 ----------
REQUEST URI : /ytc_templates/opencart/so_maxshop/layout3/
MOD DETAILS:
   modFile   : D:\xampp\htdocs\ytc_templates\opencart\so_maxshop\vqmod/xml/cookie_low.xml
   id        : EU Cookie Law - top, bottom, floating
   version   : 
   vqmver    : 2.X
   author    : arveo
VQModObject::parseMods - Could not resolve path for [catalog/language/hungarian/common/footer.php] (SKIPPED)
VQModObject::parseMods - Could not resolve path for [admin/language/hungarian/setting/setting.php] (SKIPPED)

File Name    : catalog/view/theme/*/template/common/footer.tpl(0)
VQModObject::applyMod - SEARCH NOT FOUND (ABORTING MOD): </footer>

----------------------------------------------------------------------


---------- Date: 2016-03-24 07:48:25 ~ IP : ::1 ----------
REQUEST URI : /ytc_templates/opencart/so_maxshop/
MOD DETAILS:
   modFile   : D:\xampp\htdocs\ytc_templates\opencart\so_maxshop\vqmod/xml/cookie_low.xml
   id        : EU Cookie Law - top, bottom, floating
   version   : 
   vqmver    : 2.X
   author    : arveo

File Name    : catalog/view/theme/*/template/common/footer.tpl(0)
VQModObject::applyMod - SEARCH NOT FOUND (ABORTING MOD): </footer>

----------------------------------------------------------------------


---------- Date: 2016-03-24 07:50:31 ~ IP : ::1 ----------
REQUEST URI : /ytc_templates/opencart/so_maxshop/layout3/
MOD DETAILS:
   modFile   : D:\xampp\htdocs\ytc_templates\opencart\so_maxshop\vqmod/xml/cookie_low.xml
   id        : EU Cookie Law - top, bottom, floating
   version   : 
   vqmver    : 2.X
   author    : arveo
VQModObject::parseMods - Could not resolve path for [catalog/language/hungarian/common/footer.php] (SKIPPED)
VQModObject::parseMods - Could not resolve path for [admin/language/hungarian/setting/setting.php] (SKIPPED)

File Name    : catalog/view/theme/*/template/common/footer.tpl(0)
VQModObject::applyMod - SEARCH NOT FOUND (ABORTING MOD): </footer>

----------------------------------------------------------------------


---------- Date: 2016-03-24 08:09:07 ~ IP : ::1 ----------
REQUEST URI : /ytc_templates/opencart/so_maxshop/layout3/
MOD DETAILS:
   modFile   : D:\xampp\htdocs\ytc_templates\opencart\so_maxshop\vqmod/xml/cookie_low.xml
   id        : EU Cookie Law - top, bottom, floating
   version   : 
   vqmver    : 2.X
   author    : arveo

File Name    : catalog/view/theme/*/template/common/footer.tpl(0)
VQModObject::applyMod - SEARCH NOT FOUND (ABORTING MOD): </footer>

----------------------------------------------------------------------


---------- Date: 2016-03-24 08:12:55 ~ IP : ::1 ----------
REQUEST URI : /ytc_templates/opencart/so_maxshop/layout3/
MOD DETAILS:
   modFile   : D:\xampp\htdocs\ytc_templates\opencart\so_maxshop\vqmod/xml/cookie_low.xml
   id        : EU Cookie Law - top, bottom, floating
   version   : 
   vqmver    : 2.X
   author    : arveo

File Name    : catalog/view/theme/*/template/common/footer.tpl(0)
VQModObject::applyMod - SEARCH NOT FOUND (ABORTING MOD): </footer>

----------------------------------------------------------------------


---------- Date: 2016-03-24 10:34:38 ~ IP : ::1 ----------
REQUEST URI : /ytc_templates/opencart/so_maxshop/layout4/
MOD DETAILS:
   modFile   : D:\xampp\htdocs\ytc_templates\opencart\so_maxshop\vqmod/xml/cookie_low.xml
   id        : EU Cookie Law - top, bottom, floating
   version   : 
   vqmver    : 2.X
   author    : arveo
VQModObject::parseMods - Could not resolve path for [catalog/language/hungarian/common/footer.php] (SKIPPED)
VQModObject::parseMods - Could not resolve path for [admin/language/hungarian/setting/setting.php] (SKIPPED)

----------------------------------------------------------------------


---------- Date: 2016-03-24 10:41:54 ~ IP : ::1 ----------
REQUEST URI : /ytc_templates/opencart/so_maxshop/layout4/
MOD DETAILS:
   modFile   : D:\xampp\htdocs\ytc_templates\opencart\so_maxshop\vqmod/xml/cookie_low.xml
   id        : EU Cookie Law - top, bottom, floating
   version   : 
   vqmver    : 2.X
   author    : arveo
VQModObject::parseMods - Could not resolve path for [catalog/language/hungarian/common/footer.php] (SKIPPED)
VQModObject::parseMods - Could not resolve path for [admin/language/hungarian/setting/setting.php] (SKIPPED)

----------------------------------------------------------------------


---------- Date: 2016-03-24 10:59:44 ~ IP : ::1 ----------
REQUEST URI : /ytc_templates/opencart/so_maxshop/layout4/
MOD DETAILS:
   modFile   : D:\xampp\htdocs\ytc_templates\opencart\so_maxshop\vqmod/xml/cookie_low.xml
   id        : EU Cookie Law - top, bottom, floating
   version   : 
   vqmver    : 2.X
   author    : arveo

File Name    : catalog/view/theme/*/template/common/footer.tpl(0)
VQModObject::applyMod - SEARCH NOT FOUND (ABORTING MOD): </footer>

----------------------------------------------------------------------


