---------- Date: 2016-03-25 02:34:28 ~ IP : ::1 ----------
REQUEST URI : /ytc_templates/opencart/so_maxshop/
MOD DETAILS:
   modFile   : D:\xampp\htdocs\ytc_templates\opencart\so_maxshop\vqmod/xml/cookie_low.xml
   id        : EU Cookie Law - top, bottom, floating
   version   : 
   vqmver    : 2.X
   author    : arveo

File Name    : catalog/view/theme/*/template/common/footer.tpl(0)
VQModObject::applyMod - SEARCH NOT FOUND (ABORTING MOD): </footer>

----------------------------------------------------------------------


---------- Date: 2016-03-25 02:35:34 ~ IP : ::1 ----------
REQUEST URI : /ytc_templates/opencart/so_maxshop/layout5/
MOD DETAILS:
   modFile   : D:\xampp\htdocs\ytc_templates\opencart\so_maxshop\vqmod/xml/cookie_low.xml
   id        : EU Cookie Law - top, bottom, floating
   version   : 
   vqmver    : 2.X
   author    : arveo

File Name    : catalog/view/theme/*/template/common/footer.tpl(0)
VQModObject::applyMod - SEARCH NOT FOUND (ABORTING MOD): </footer>

----------------------------------------------------------------------


---------- Date: 2016-03-25 03:17:18 ~ IP : ::1 ----------
REQUEST URI : /ytc_templates/opencart/so_maxshop/layout6/
MOD DETAILS:
   modFile   : D:\xampp\htdocs\ytc_templates\opencart\so_maxshop\vqmod/xml/cookie_low.xml
   id        : EU Cookie Law - top, bottom, floating
   version   : 
   vqmver    : 2.X
   author    : arveo

File Name    : catalog/view/theme/*/template/common/footer.tpl(0)
VQModObject::applyMod - SEARCH NOT FOUND (ABORTING MOD): </footer>

----------------------------------------------------------------------


---------- Date: 2016-03-25 05:09:32 ~ IP : ::1 ----------
REQUEST URI : /ytc_templates/opencart/so_maxshop/layout7/
MOD DETAILS:
   modFile   : D:\xampp\htdocs\ytc_templates\opencart\so_maxshop\vqmod/xml/cookie_low.xml
   id        : EU Cookie Law - top, bottom, floating
   version   : 
   vqmver    : 2.X
   author    : arveo

File Name    : catalog/view/theme/*/template/common/footer.tpl(0)
VQModObject::applyMod - SEARCH NOT FOUND (ABORTING MOD): </footer>

----------------------------------------------------------------------


---------- Date: 2016-03-25 05:51:22 ~ IP : ::1 ----------
REQUEST URI : /ytc_templates/opencart/so_maxshop/admin/index.php?route=design/layout/edit&token=SvN8Q90kT89WITtgymcLTJfODZmX4ev6&layout_id=54
MOD DETAILS:
   modFile   : D:\xampp\htdocs\ytc_templates\opencart\so_maxshop\vqmod/xml/cookie_low.xml
   id        : EU Cookie Law - top, bottom, floating
   version   : 
   vqmver    : 2.X
   author    : arveo
VQModObject::parseMods - Could not resolve path for [catalog/language/hungarian/common/footer.php] (SKIPPED)
VQModObject::parseMods - Could not resolve path for [admin/language/hungarian/setting/setting.php] (SKIPPED)

----------------------------------------------------------------------


---------- Date: 2016-03-25 08:26:34 ~ IP : ::1 ----------
REQUEST URI : /ytc_templates/opencart/so_maxshop/layout3/
MOD DETAILS:
   modFile   : D:\xampp\htdocs\ytc_templates\opencart\so_maxshop\vqmod/xml/cookie_low.xml
   id        : EU Cookie Law - top, bottom, floating
   version   : 
   vqmver    : 2.X
   author    : arveo

File Name    : catalog/view/theme/*/template/common/footer.tpl(0)
VQModObject::applyMod - SEARCH NOT FOUND (ABORTING MOD): </footer>

----------------------------------------------------------------------


---------- Date: 2016-03-25 08:42:02 ~ IP : ::1 ----------
REQUEST URI : /ytc_templates/opencart/so_maxshop/layout2/
MOD DETAILS:
   modFile   : D:\xampp\htdocs\ytc_templates\opencart\so_maxshop\vqmod/xml/cookie_low.xml
   id        : EU Cookie Law - top, bottom, floating
   version   : 
   vqmver    : 2.X
   author    : arveo

File Name    : catalog/view/theme/*/template/common/footer.tpl(0)
VQModObject::applyMod - SEARCH NOT FOUND (ABORTING MOD): </footer>

----------------------------------------------------------------------


