---------- Date: 2016-03-28 04:45:16 ~ IP : ::1 ----------
REQUEST URI : /ytc_templates/opencart/so_maxshop/admin/index.php?route=design/layout&token=OV64oEk0EEoboz6etszGWpqCDgqzDS1g
MOD DETAILS:
   modFile   : D:\xampp\htdocs\ytc_templates\opencart\so_maxshop\vqmod/xml/cookie_low.xml
   id        : EU Cookie Law - top, bottom, floating
   version   : 
   vqmver    : 2.X
   author    : arveo
VQModObject::parseMods - Could not resolve path for [catalog/language/hungarian/common/footer.php] (SKIPPED)
VQModObject::parseMods - Could not resolve path for [admin/language/hungarian/setting/setting.php] (SKIPPED)

----------------------------------------------------------------------


---------- Date: 2016-03-28 04:47:14 ~ IP : ::1 ----------
REQUEST URI : /ytc_templates/opencart/so_maxshop/admin/index.php?route=design/layout/edit&token=OV64oEk0EEoboz6etszGWpqCDgqzDS1g&layout_id=50
MOD DETAILS:
   modFile   : D:\xampp\htdocs\ytc_templates\opencart\so_maxshop\vqmod/xml/cookie_low.xml
   id        : EU Cookie Law - top, bottom, floating
   version   : 
   vqmver    : 2.X
   author    : arveo
VQModObject::parseMods - Could not resolve path for [catalog/language/hungarian/common/footer.php] (SKIPPED)
VQModObject::parseMods - Could not resolve path for [admin/language/hungarian/setting/setting.php] (SKIPPED)

----------------------------------------------------------------------


---------- Date: 2016-03-28 04:51:55 ~ IP : ::1 ----------
REQUEST URI : /ytc_templates/opencart/so_maxshop/admin/index.php?route=design/layout/edit&token=OV64oEk0EEoboz6etszGWpqCDgqzDS1g&layout_id=50
MOD DETAILS:
   modFile   : D:\xampp\htdocs\ytc_templates\opencart\so_maxshop\vqmod/xml/cookie_low.xml
   id        : EU Cookie Law - top, bottom, floating
   version   : 
   vqmver    : 2.X
   author    : arveo
VQModObject::parseMods - Could not resolve path for [catalog/language/hungarian/common/footer.php] (SKIPPED)
VQModObject::parseMods - Could not resolve path for [admin/language/hungarian/setting/setting.php] (SKIPPED)

----------------------------------------------------------------------


---------- Date: 2016-03-28 04:52:26 ~ IP : ::1 ----------
REQUEST URI : /ytc_templates/opencart/so_maxshop/admin/index.php?route=design/layout/edit&token=OV64oEk0EEoboz6etszGWpqCDgqzDS1g&layout_id=50
MOD DETAILS:
   modFile   : D:\xampp\htdocs\ytc_templates\opencart\so_maxshop\vqmod/xml/cookie_low.xml
   id        : EU Cookie Law - top, bottom, floating
   version   : 
   vqmver    : 2.X
   author    : arveo
VQModObject::parseMods - Could not resolve path for [catalog/language/hungarian/common/footer.php] (SKIPPED)
VQModObject::parseMods - Could not resolve path for [admin/language/hungarian/setting/setting.php] (SKIPPED)

----------------------------------------------------------------------


---------- Date: 2016-03-28 04:54:05 ~ IP : ::1 ----------
REQUEST URI : /ytc_templates/opencart/so_maxshop/admin/index.php?route=design/layout/edit&token=OV64oEk0EEoboz6etszGWpqCDgqzDS1g&layout_id=50
MOD DETAILS:
   modFile   : D:\xampp\htdocs\ytc_templates\opencart\so_maxshop\vqmod/xml/cookie_low.xml
   id        : EU Cookie Law - top, bottom, floating
   version   : 
   vqmver    : 2.X
   author    : arveo
VQModObject::parseMods - Could not resolve path for [catalog/language/hungarian/common/footer.php] (SKIPPED)
VQModObject::parseMods - Could not resolve path for [admin/language/hungarian/setting/setting.php] (SKIPPED)

MOD DETAILS:
   modFile   : D:\xampp\htdocs\ytc_templates\opencart\so_maxshop\vqmod/xml/soconfig_theme.xml
   id        : Soconfig theme
   version   : 1.0
   vqmver    : 2.X
   author    : Magentech - Magentech.com

File Name    : admin/controller/design/layout.php(0)
VQModObject::applyMod - SEARCH NOT FOUND (SKIPPED): layout_form.tpl
----------------------------------------------------------------------


---------- Date: 2016-03-28 05:05:51 ~ IP : 192.168.1.31 ----------
REQUEST URI : /ytc_templates/opencart/so_maxshop/
MOD DETAILS:
   modFile   : D:\xampp\htdocs\ytc_templates\opencart\so_maxshop\vqmod/xml/cookie_low.xml
   id        : EU Cookie Law - top, bottom, floating
   version   : 
   vqmver    : 2.X
   author    : arveo

File Name    : catalog/view/theme/*/template/common/footer.tpl(0)
VQModObject::applyMod - SEARCH NOT FOUND (ABORTING MOD): </footer>

----------------------------------------------------------------------


---------- Date: 2016-03-28 05:07:40 ~ IP : 192.168.1.31 ----------
REQUEST URI : /ytc_templates/opencart/so_maxshop/layout6/
MOD DETAILS:
   modFile   : D:\xampp\htdocs\ytc_templates\opencart\so_maxshop\vqmod/xml/cookie_low.xml
   id        : EU Cookie Law - top, bottom, floating
   version   : 
   vqmver    : 2.X
   author    : arveo

File Name    : catalog/view/theme/*/template/common/footer.tpl(0)
VQModObject::applyMod - SEARCH NOT FOUND (ABORTING MOD): </footer>

----------------------------------------------------------------------


---------- Date: 2016-03-28 05:28:05 ~ IP : 192.168.1.31 ----------
REQUEST URI : /ytc_templates/opencart/so_maxshop/layout7/
MOD DETAILS:
   modFile   : D:\xampp\htdocs\ytc_templates\opencart\so_maxshop\vqmod/xml/cookie_low.xml
   id        : EU Cookie Law - top, bottom, floating
   version   : 
   vqmver    : 2.X
   author    : arveo

File Name    : catalog/view/theme/*/template/common/footer.tpl(0)
VQModObject::applyMod - SEARCH NOT FOUND (ABORTING MOD): </footer>

----------------------------------------------------------------------


---------- Date: 2016-03-28 06:06:36 ~ IP : 192.168.1.42 ----------
REQUEST URI : /ytc_templates/opencart/so_maxshop/layout3/
MOD DETAILS:
   modFile   : D:\xampp\htdocs\ytc_templates\opencart\so_maxshop\vqmod/xml/cookie_low.xml
   id        : EU Cookie Law - top, bottom, floating
   version   : 
   vqmver    : 2.X
   author    : arveo

File Name    : catalog/view/theme/*/template/common/footer.tpl(0)
VQModObject::applyMod - SEARCH NOT FOUND (ABORTING MOD): </footer>

----------------------------------------------------------------------


---------- Date: 2016-03-28 06:29:47 ~ IP : 192.168.1.31 ----------
REQUEST URI : /ytc_templates/opencart/so_maxshop/layout2/
MOD DETAILS:
   modFile   : D:\xampp\htdocs\ytc_templates\opencart\so_maxshop\vqmod/xml/cookie_low.xml
   id        : EU Cookie Law - top, bottom, floating
   version   : 
   vqmver    : 2.X
   author    : arveo

File Name    : catalog/view/theme/*/template/common/footer.tpl(0)
VQModObject::applyMod - SEARCH NOT FOUND (ABORTING MOD): </footer>

----------------------------------------------------------------------


---------- Date: 2016-03-28 06:30:51 ~ IP : 192.168.1.36 ----------
REQUEST URI : /ytc_templates/opencart/so_maxshop/layout4/
MOD DETAILS:
   modFile   : D:\xampp\htdocs\ytc_templates\opencart\so_maxshop\vqmod/xml/cookie_low.xml
   id        : EU Cookie Law - top, bottom, floating
   version   : 
   vqmver    : 2.X
   author    : arveo

File Name    : catalog/view/theme/*/template/common/footer.tpl(0)
VQModObject::applyMod - SEARCH NOT FOUND (ABORTING MOD): </footer>

----------------------------------------------------------------------


---------- Date: 2016-03-28 07:04:08 ~ IP : 192.168.1.31 ----------
REQUEST URI : /ytc_templates/opencart/so_maxshop/layout5/
MOD DETAILS:
   modFile   : D:\xampp\htdocs\ytc_templates\opencart\so_maxshop\vqmod/xml/cookie_low.xml
   id        : EU Cookie Law - top, bottom, floating
   version   : 
   vqmver    : 2.X
   author    : arveo

File Name    : catalog/view/theme/*/template/common/footer.tpl(0)
VQModObject::applyMod - SEARCH NOT FOUND (ABORTING MOD): </footer>

----------------------------------------------------------------------


---------- Date: 2016-03-28 10:04:19 ~ IP : ::1 ----------
REQUEST URI : /ytc_templates/opencart/placehoder/so_maxshop/
MOD DETAILS:
   modFile   : D:\xampp\htdocs\ytc_templates\opencart\placehoder\so_maxshop\vqmod/xml/cookie_low.xml
   id        : EU Cookie Law - top, bottom, floating
   version   : 
   vqmver    : 2.X
   author    : arveo
VQModObject::parseMods - Could not resolve path for [catalog/language/hungarian/common/footer.php] (SKIPPED)
VQModObject::parseMods - Could not resolve path for [admin/language/hungarian/setting/setting.php] (SKIPPED)

File Name    : catalog/view/theme/*/template/common/footer.tpl(0)
VQModObject::applyMod - SEARCH NOT FOUND (ABORTING MOD): </footer>

----------------------------------------------------------------------


